-------------------------------------------------------------------------------
Test set: cesar.school.unit.LeapYearTest
-------------------------------------------------------------------------------
Tests run: 3, Failures: 1, Errors: 0, Skipped: 0, Time elapsed: 0.002 s <<< FAILURE! - in cesar.school.unit.LeapYearTest
leapYear_DivisibleBy4And100orOver_False  Time elapsed: 0 s  <<< FAILURE!
org.opentest4j.AssertionFailedError: expected: <Not a leap year> but was: <It's a leap year>
	at cesar.school.unit.LeapYearTest.leapYear_DivisibleBy4And100orOver_False(LeapYearTest.java:15)

