<?xml version="1.0" encoding="UTF-8"?>
<testsuite xmlns:xsi="http://www.w3.org/2001/XMLSchema-instance" xsi:noNamespaceSchemaLocation="https://maven.apache.org/surefire/maven-surefire-plugin/xsd/surefire-test-report.xsd" name="cesar.school.unit.SortingTest" time="0.001" tests="5" errors="0" skipped="0" failures="0">
  <properties>
[...]
</properties>
  <testcase name="bubbleSort_sortedArray_sortedArray" classname="cesar.school.unit.SortingTest" time="0"/>
  <testcase name="bubbleSort_singleElementArray_noArrayChanges" classname="cesar.school.unit.SortingTest" time="0"/>
  <testcase name="bubbleSort_unsortedArray_sorted" classname="cesar.school.unit.SortingTest" time="0"/>
  <testcase name="bubbleSort_unsortedArray_sortedArray" classname="cesar.school.unit.SortingTest" time="0"/>
  <testcase name="bubbleSort_emptyArray_emptyArray" classname="cesar.school.unit.SortingTest" time="0"/>
</testsuite>